<?xml version="1.0" encoding="UTF-8"?>
<testsuite xmlns:xsi="http://www.w3.org/2001/XMLSchema-instance" xsi:noNamespaceSchemaLocation="https://maven.apache.org/surefire/maven-surefire-plugin/xsd/surefire-test-report-3.0.xsd" version="3.0" name="com.napier.sem.CountryTest" time="0.076" tests="19" errors="0" skipped="0" failures="0">
  <properties>
    <property name="java.specification.version" value="18"/>
    <property name="sun.cpu.isalist" value="amd64"/>
    <property name="sun.jnu.encoding" value="Cp1252"/>
    <property name="java.class.path" value="C:\Users\Jack Millar\OneDrive - Edinburgh Napier University\Year2-B\Software Engineering Methods\Code\SEM-Group-Project\target\test-classes;C:\Users\Jack Millar\OneDrive - Edinburgh Napier University\Year2-B\Software Engineering Methods\Code\SEM-Group-Project\target\classes;C:\Users\Jack Millar\.m2\repository\mysql\mysql-connector-java\8.0.18\mysql-connector-java-8.0.18.jar;C:\Users\Jack Millar\.m2\repository\com\google\protobuf\protobuf-java\3.6.1\protobuf-java-3.6.1.jar;C:\Users\Jack Millar\.m2\repository\org\junit\jupiter\junit-jupiter-api\5.1.0\junit-jupiter-api-5.1.0.jar;C:\Users\Jack Millar\.m2\repository\org\apiguardian\apiguardian-api\1.0.0\apiguardian-api-1.0.0.jar;C:\Users\Jack Millar\.m2\repository\org\opentest4j\opentest4j\1.0.0\opentest4j-1.0.0.jar;C:\Users\Jack Millar\.m2\repository\org\junit\platform\junit-platform-commons\1.1.0\junit-platform-commons-1.1.0.jar;"/>
    <property name="java.vm.vendor" value="Oracle Corporation"/>
    <property name="sun.arch.data.model" value="64"/>
    <property name="user.variant" value=""/>
    <property name="java.vendor.url" value="https://java.oracle.com/"/>
    <property name="user.timezone" value="Europe/London"/>
    <property name="os.name" value="Windows 10"/>
    <property name="java.vm.specification.version" value="18"/>
    <property name="sun.java.launcher" value="SUN_STANDARD"/>
    <property name="user.country" value="GB"/>
    <property name="sun.boot.library.path" value="C:\Program Files\Java\jdk-18.0.2.1\bin"/>
    <property name="sun.java.command" value="C:\Users\Jack Millar\AppData\Local\Temp\surefire925187974066102719\surefirebooter-20240312212856904_3.jar C:\Users\Jack Millar\AppData\Local\Temp\surefire925187974066102719 2024-03-12T21-28-56_010-jvmRun1 surefire-20240312212856904_1tmp surefire_0-20240312212856904_2tmp"/>
    <property name="jdk.debug" value="release"/>
    <property name="surefire.test.class.path" value="C:\Users\Jack Millar\OneDrive - Edinburgh Napier University\Year2-B\Software Engineering Methods\Code\SEM-Group-Project\target\test-classes;C:\Users\Jack Millar\OneDrive - Edinburgh Napier University\Year2-B\Software Engineering Methods\Code\SEM-Group-Project\target\classes;C:\Users\Jack Millar\.m2\repository\mysql\mysql-connector-java\8.0.18\mysql-connector-java-8.0.18.jar;C:\Users\Jack Millar\.m2\repository\com\google\protobuf\protobuf-java\3.6.1\protobuf-java-3.6.1.jar;C:\Users\Jack Millar\.m2\repository\org\junit\jupiter\junit-jupiter-api\5.1.0\junit-jupiter-api-5.1.0.jar;C:\Users\Jack Millar\.m2\repository\org\apiguardian\apiguardian-api\1.0.0\apiguardian-api-1.0.0.jar;C:\Users\Jack Millar\.m2\repository\org\opentest4j\opentest4j\1.0.0\opentest4j-1.0.0.jar;C:\Users\Jack Millar\.m2\repository\org\junit\platform\junit-platform-commons\1.1.0\junit-platform-commons-1.1.0.jar;"/>
    <property name="sun.cpu.endian" value="little"/>
    <property name="user.home" value="C:\Users\Jack Millar"/>
    <property name="user.language" value="en"/>
    <property name="java.specification.vendor" value="Oracle Corporation"/>
    <property name="java.version.date" value="2022-08-18"/>
    <property name="java.home" value="C:\Program Files\Java\jdk-18.0.2.1"/>
    <property name="file.separator" value="\"/>
    <property name="basedir" value="C:\Users\Jack Millar\OneDrive - Edinburgh Napier University\Year2-B\Software Engineering Methods\Code\SEM-Group-Project"/>
    <property name="java.vm.compressedOopsMode" value="32-bit"/>
    <property name="line.separator" value="&#10;"/>
    <property name="java.vm.specification.vendor" value="Oracle Corporation"/>
    <property name="java.specification.name" value="Java Platform API Specification"/>
    <property name="surefire.real.class.path" value="C:\Users\Jack Millar\AppData\Local\Temp\surefire925187974066102719\surefirebooter-20240312212856904_3.jar"/>
    <property name="user.script" value=""/>
    <property name="sun.management.compiler" value="HotSpot 64-Bit Tiered Compilers"/>
    <property name="java.runtime.version" value="18.0.2.1+1-1"/>
    <property name="user.name" value="Jack Millar"/>
    <property name="path.separator" value=";"/>
    <property name="os.version" value="10.0"/>
    <property name="java.runtime.name" value="Java(TM) SE Runtime Environment"/>
    <property name="file.encoding" value="UTF-8"/>
    <property name="java.vm.name" value="Java HotSpot(TM) 64-Bit Server VM"/>
    <property name="localRepository" value="C:\Users\Jack Millar\.m2\repository"/>
    <property name="java.vendor.url.bug" value="https://bugreport.java.com/bugreport/"/>
    <property name="java.io.tmpdir" value="C:\Users\JACKMI~1\AppData\Local\Temp\"/>
    <property name="idea.version" value="2023.3.2"/>
    <property name="java.version" value="18.0.2.1"/>
    <property name="user.dir" value="C:\Users\Jack Millar\OneDrive - Edinburgh Napier University\Year2-B\Software Engineering Methods\Code\SEM-Group-Project"/>
    <property name="os.arch" value="amd64"/>
    <property name="java.vm.specification.name" value="Java Virtual Machine Specification"/>
    <property name="sun.os.patch.level" value=""/>
    <property name="native.encoding" value="Cp1252"/>
    <property name="java.library.path" value="C:\Program Files\Java\jdk-18.0.2.1\bin;C:\WINDOWS\Sun\Java\bin;C:\WINDOWS\system32;C:\WINDOWS;C:\Program Files\Common Files\Oracle\Java\javapath;C:\WINDOWS\system32;C:\WINDOWS;C:\WINDOWS\System32\Wbem;C:\WINDOWS\System32\WindowsPowerShell\v1.0\;C:\WINDOWS\System32\OpenSSH\;C:\Program Files\dotnet\;C:\Program Files\PuTTY\;C:\Program Files\Git\cmd;C:\Program Files\Docker\Docker\resources\bin;C:\msys64\mingw64\bin;C:\MinGW\bin;C:\Ruby32-x64\bin;C:\Users\Jack Millar\AppData\Local\Microsoft\WindowsApps;C:\Users\Jack Millar\AppData\Local\Programs\Microsoft VS Code\bin;C:\ghcup\bin;C:\Users\Jack Millar\.dotnet\tools;C:\msys64\ucrt64\bin;C:\MinGW\bin;;."/>
    <property name="java.vm.info" value="mixed mode, sharing"/>
    <property name="java.vendor" value="Oracle Corporation"/>
    <property name="java.vm.version" value="18.0.2.1+1-1"/>
    <property name="sun.io.unicode.encoding" value="UnicodeLittle"/>
    <property name="java.class.version" value="62.0"/>
  </properties>
  <testcase name="topNPopulatedCountriesContinent_NullConTest" classname="com.napier.sem.CountryTest" time="0.012">
    <system-out><![CDATA[Connection is null.
]]></system-out>
  </testcase>
  <testcase name="topNPopulatedCountriesContinent_NotNullTest" classname="com.napier.sem.CountryTest" time="0.001">
    <system-out><![CDATA[Connection is null.
]]></system-out>
  </testcase>
  <testcase name="countryRegionDescending_NullRegionTest" classname="com.napier.sem.CountryTest" time="0.002">
    <system-out><![CDATA[Region is null.
]]></system-out>
  </testcase>
  <testcase name="topNPopulatedCountriesContinent_NullContinentTest" classname="com.napier.sem.CountryTest" time="0.0">
    <system-out><![CDATA[Continent name is null.
]]></system-out>
  </testcase>
  <testcase name="getTopNPopulatedCountries_NegativeNTest" classname="com.napier.sem.CountryTest" time="0.001">
    <system-out><![CDATA[N Cannot be negative
Connection is null.
]]></system-out>
  </testcase>
  <testcase name="getTopNPopulatedCountries_NullConTest" classname="com.napier.sem.CountryTest" time="0.001">
    <system-out><![CDATA[Connection is null.
]]></system-out>
  </testcase>
  <testcase name="getTopNPopulatedCountries_NotNullTest" classname="com.napier.sem.CountryTest" time="0.002">
    <system-out><![CDATA[Connection is null.
]]></system-out>
  </testcase>
  <testcase name="countryRegionDescending_NullConTest" classname="com.napier.sem.CountryTest" time="0.002">
    <system-out><![CDATA[Connection is null.
]]></system-out>
  </testcase>
  <testcase name="countryRegionDescending_NotNullTest" classname="com.napier.sem.CountryTest" time="0.0">
    <system-out><![CDATA[Connection is null.
]]></system-out>
  </testcase>
  <testcase name="DisplayCountries_NullTest" classname="com.napier.sem.CountryTest" time="0.001">
    <system-out><![CDATA[ResultSet is null.
]]></system-out>
  </testcase>
  <testcase name="getCountryDescending_NullConTest" classname="com.napier.sem.CountryTest" time="0.002">
    <system-out><![CDATA[Connection is null.
]]></system-out>
  </testcase>
  <testcase name="getTopRegionDescending_NegativeNTest" classname="com.napier.sem.CountryTest" time="0.002">
    <system-out><![CDATA[N Cannot be negative
Connection is null.
]]></system-out>
  </testcase>
  <testcase name="getCountryDescending_NotNullTest" classname="com.napier.sem.CountryTest" time="0.002">
    <system-out><![CDATA[Connection is null.
]]></system-out>
  </testcase>
  <testcase name="getTopRegionDescending_NullTest" classname="com.napier.sem.CountryTest" time="0.002">
    <system-out><![CDATA[Connection is null.
]]></system-out>
  </testcase>
  <testcase name="getContinentDescending_NullConTest" classname="com.napier.sem.CountryTest" time="0.002">
    <system-out><![CDATA[Connection is null.
]]></system-out>
  </testcase>
  <testcase name="getContinentDescending_NotNullTest" classname="com.napier.sem.CountryTest" time="0.001">
    <system-out><![CDATA[Connection is null.
]]></system-out>
  </testcase>
  <testcase name="getTopRegionDescending_NullConTest" classname="com.napier.sem.CountryTest" time="0.001">
    <system-out><![CDATA[Connection is null.
]]></system-out>
  </testcase>
  <testcase name="getTopRegionDescending_NotNullTest" classname="com.napier.sem.CountryTest" time="0.001">
    <system-out><![CDATA[Connection is null.
]]></system-out>
  </testcase>
  <testcase name="getContinentDescending_NullContinentTest" classname="com.napier.sem.CountryTest" time="0.001">
    <system-out><![CDATA[Continent name is null.
]]></system-out>
  </testcase>
</testsuite>