<?xml version="1.0" encoding="UTF-8"?>
<testsuite xmlns:xsi="http://www.w3.org/2001/XMLSchema-instance" xsi:noNamespaceSchemaLocation="https://maven.apache.org/surefire/maven-surefire-plugin/xsd/surefire-test-report-3.0.xsd" version="3.0" name="com.napier.sem.PopulationTest" time="0.044" tests="24" errors="0" skipped="0" failures="0">
  <properties>
    <property name="java.specification.version" value="19"/>
    <property name="sun.jnu.encoding" value="UTF-8"/>
    <property name="java.class.path" value="/Users/meganmcleod/IdeaProjects/SEM-Group-Project/target/test-classes:/Users/meganmcleod/IdeaProjects/SEM-Group-Project/target/classes:/Users/meganmcleod/.m2/repository/mysql/mysql-connector-java/8.0.18/mysql-connector-java-8.0.18.jar:/Users/meganmcleod/.m2/repository/com/google/protobuf/protobuf-java/3.6.1/protobuf-java-3.6.1.jar:/Users/meganmcleod/.m2/repository/org/junit/jupiter/junit-jupiter-api/5.1.0/junit-jupiter-api-5.1.0.jar:/Users/meganmcleod/.m2/repository/org/apiguardian/apiguardian-api/1.0.0/apiguardian-api-1.0.0.jar:/Users/meganmcleod/.m2/repository/org/opentest4j/opentest4j/1.0.0/opentest4j-1.0.0.jar:/Users/meganmcleod/.m2/repository/org/junit/platform/junit-platform-commons/1.1.0/junit-platform-commons-1.1.0.jar:"/>
    <property name="java.vm.vendor" value="Oracle Corporation"/>
    <property name="sun.arch.data.model" value="64"/>
    <property name="java.vendor.url" value="https://java.oracle.com/"/>
    <property name="os.name" value="Mac OS X"/>
    <property name="java.vm.specification.version" value="19"/>
    <property name="sun.java.launcher" value="SUN_STANDARD"/>
    <property name="user.country" value="GB"/>
    <property name="sun.boot.library.path" value="/Library/Java/JavaVirtualMachines/jdk-19.jdk/Contents/Home/lib"/>
    <property name="sun.java.command" value="/Users/meganmcleod/IdeaProjects/SEM-Group-Project/target/surefire/surefirebooter11466619582125876974.jar /Users/meganmcleod/IdeaProjects/SEM-Group-Project/target/surefire 2024-03-13T22-55-11_388-jvmRun1 surefire11800020169764077979tmp surefire_03815157159201498350tmp"/>
    <property name="http.nonProxyHosts" value="local|*.local|169.254/16|*.169.254/16"/>
    <property name="jdk.debug" value="release"/>
    <property name="surefire.test.class.path" value="/Users/meganmcleod/IdeaProjects/SEM-Group-Project/target/test-classes:/Users/meganmcleod/IdeaProjects/SEM-Group-Project/target/classes:/Users/meganmcleod/.m2/repository/mysql/mysql-connector-java/8.0.18/mysql-connector-java-8.0.18.jar:/Users/meganmcleod/.m2/repository/com/google/protobuf/protobuf-java/3.6.1/protobuf-java-3.6.1.jar:/Users/meganmcleod/.m2/repository/org/junit/jupiter/junit-jupiter-api/5.1.0/junit-jupiter-api-5.1.0.jar:/Users/meganmcleod/.m2/repository/org/apiguardian/apiguardian-api/1.0.0/apiguardian-api-1.0.0.jar:/Users/meganmcleod/.m2/repository/org/opentest4j/opentest4j/1.0.0/opentest4j-1.0.0.jar:/Users/meganmcleod/.m2/repository/org/junit/platform/junit-platform-commons/1.1.0/junit-platform-commons-1.1.0.jar:"/>
    <property name="sun.cpu.endian" value="little"/>
    <property name="user.home" value="/Users/meganmcleod"/>
    <property name="user.language" value="en"/>
    <property name="java.specification.vendor" value="Oracle Corporation"/>
    <property name="java.version.date" value="2022-10-18"/>
    <property name="java.home" value="/Library/Java/JavaVirtualMachines/jdk-19.jdk/Contents/Home"/>
    <property name="file.separator" value="/"/>
    <property name="basedir" value="/Users/meganmcleod/IdeaProjects/SEM-Group-Project"/>
    <property name="java.vm.compressedOopsMode" value="Zero based"/>
    <property name="line.separator" value="&#10;"/>
    <property name="java.vm.specification.vendor" value="Oracle Corporation"/>
    <property name="java.specification.name" value="Java Platform API Specification"/>
    <property name="apple.awt.application.name" value="ForkedBooter"/>
    <property name="surefire.real.class.path" value="/Users/meganmcleod/IdeaProjects/SEM-Group-Project/target/surefire/surefirebooter11466619582125876974.jar"/>
    <property name="sun.management.compiler" value="HotSpot 64-Bit Tiered Compilers"/>
    <property name="ftp.nonProxyHosts" value="local|*.local|169.254/16|*.169.254/16"/>
    <property name="java.runtime.version" value="19.0.1+10-21"/>
    <property name="user.name" value="meganmcleod"/>
    <property name="stdout.encoding" value="UTF-8"/>
    <property name="path.separator" value=":"/>
    <property name="os.version" value="14.3.1"/>
    <property name="java.runtime.name" value="Java(TM) SE Runtime Environment"/>
    <property name="file.encoding" value="UTF-8"/>
    <property name="java.vm.name" value="Java HotSpot(TM) 64-Bit Server VM"/>
    <property name="localRepository" value="/Users/meganmcleod/.m2/repository"/>
    <property name="java.vendor.url.bug" value="https://bugreport.java.com/bugreport/"/>
    <property name="java.io.tmpdir" value="/var/folders/29/lf_9n2bd1f97744v2h7dv1d40000gn/T/"/>
    <property name="idea.version" value="2023.3.4"/>
    <property name="java.version" value="19.0.1"/>
    <property name="user.dir" value="/Users/meganmcleod/IdeaProjects/SEM-Group-Project"/>
    <property name="os.arch" value="x86_64"/>
    <property name="java.vm.specification.name" value="Java Virtual Machine Specification"/>
    <property name="native.encoding" value="UTF-8"/>
    <property name="java.library.path" value="/Users/meganmcleod/Library/Java/Extensions:/Library/Java/Extensions:/Network/Library/Java/Extensions:/System/Library/Java/Extensions:/usr/lib/java:."/>
    <property name="java.vm.info" value="mixed mode, sharing"/>
    <property name="stderr.encoding" value="UTF-8"/>
    <property name="java.vendor" value="Oracle Corporation"/>
    <property name="java.vm.version" value="19.0.1+10-21"/>
    <property name="sun.io.unicode.encoding" value="UnicodeBig"/>
    <property name="socksNonProxyHosts" value="local|*.local|169.254/16|*.169.254/16"/>
    <property name="java.class.version" value="63.0"/>
  </properties>
  <testcase name="getContinentPopulations_NullConTest" classname="com.napier.sem.PopulationTest" time="0.002">
    <system-out><![CDATA[Connection is null.
Failed to get population details
]]></system-out>
  </testcase>
  <testcase name="getCityPopulation_NullTest" classname="com.napier.sem.PopulationTest" time="0.001">
    <system-out><![CDATA[Country name is null.
]]></system-out>
  </testcase>
  <testcase name="getContinentPopulations_NotNullTest" classname="com.napier.sem.PopulationTest" time="0">
    <system-out><![CDATA[Connection is null.
Failed to get population details
]]></system-out>
  </testcase>
  <testcase name="getCityPopulationAll_NullConTest" classname="com.napier.sem.PopulationTest" time="0.001">
    <system-out><![CDATA[Connection is null.
Failed to get population details
]]></system-out>
  </testcase>
  <testcase name="getCityPopulationAll_NotNullTest" classname="com.napier.sem.PopulationTest" time="0.001">
    <system-out><![CDATA[Connection is null.
Failed to get population details
]]></system-out>
  </testcase>
  <testcase name="getContinentPopulations_NullTest" classname="com.napier.sem.PopulationTest" time="0.001">
    <system-out><![CDATA[Continent name is null.
]]></system-out>
  </testcase>
  <testcase name="getWorldPopulation_NullConTest" classname="com.napier.sem.PopulationTest" time="0.001">
    <system-out><![CDATA[Connection is null.
Failed to get population details
]]></system-out>
  </testcase>
  <testcase name="getWorldPopulation_NotNullTest" classname="com.napier.sem.PopulationTest" time="0.001">
    <system-out><![CDATA[Connection is null.
Failed to get population details
]]></system-out>
  </testcase>
  <testcase name="getDistrictPopulation_NullConTest" classname="com.napier.sem.PopulationTest" time="0.001">
    <system-out><![CDATA[Connection is null.
Failed to get population details
]]></system-out>
  </testcase>
  <testcase name="getDistrictPopulation_NotNullTest" classname="com.napier.sem.PopulationTest" time="0.001">
    <system-out><![CDATA[Connection is null.
Failed to get population details
]]></system-out>
  </testcase>
  <testcase name="getRegionPopulations_normalDataTest" classname="com.napier.sem.PopulationTest" time="0">
    <system-out><![CDATA[Connection is null.
Failed to get population details
]]></system-out>
  </testcase>
  <testcase name="getDistrictPopulation_NullTest" classname="com.napier.sem.PopulationTest" time="0.001">
    <system-out><![CDATA[District name is null.
]]></system-out>
  </testcase>
  <testcase name="getAllRegionPopulations_NullConTest" classname="com.napier.sem.PopulationTest" time="0">
    <system-out><![CDATA[Connection is null.
Failed to get population details
]]></system-out>
  </testcase>
  <testcase name="getAllRegionPopulations_NotNullTest" classname="com.napier.sem.PopulationTest" time="0">
    <system-out><![CDATA[Connection is null.
Failed to get population details
]]></system-out>
  </testcase>
  <testcase name="getRegionPopulations_NullConTest" classname="com.napier.sem.PopulationTest" time="0.001">
    <system-out><![CDATA[Connection is null.
Failed to get population details
]]></system-out>
  </testcase>
  <testcase name="getCityPopulation_NullConTest" classname="com.napier.sem.PopulationTest" time="0.001">
    <system-out><![CDATA[Connection is null.
Failed to get population details
]]></system-out>
  </testcase>
  <testcase name="getCountryPopulation_NullTest" classname="com.napier.sem.PopulationTest" time="0.001">
    <system-out><![CDATA[Country name is null.
]]></system-out>
  </testcase>
  <testcase name="getRegionPopulations_NotNullTest" classname="com.napier.sem.PopulationTest" time="0">
    <system-out><![CDATA[District name is null.
]]></system-out>
  </testcase>
  <testcase name="getCityPopulation_NotNullTest" classname="com.napier.sem.PopulationTest" time="0.001">
    <system-out><![CDATA[Connection is null.
Failed to get population details
]]></system-out>
  </testcase>
  <testcase name="getCountryPopulation_NullConTest" classname="com.napier.sem.PopulationTest" time="0">
    <system-out><![CDATA[Connection is null.
Failed to get population details
]]></system-out>
  </testcase>
  <testcase name="getContinentCityPopulations_NullConTest" classname="com.napier.sem.PopulationTest" time="0.002">
    <system-out><![CDATA[Connection is null.
Failed to get population details
]]></system-out>
  </testcase>
  <testcase name="displayPopulations_NullTest" classname="com.napier.sem.PopulationTest" time="0.001">
    <system-out><![CDATA[ResultSet is null.
ResultSet is null
]]></system-out>
  </testcase>
  <testcase name="getCountryPopulation_NotNullTest" classname="com.napier.sem.PopulationTest" time="0">
    <system-out><![CDATA[Connection is null.
Failed to get population details
]]></system-out>
  </testcase>
  <testcase name="getContinentCityPopulations_NotNullTest" classname="com.napier.sem.PopulationTest" time="0">
    <system-out><![CDATA[Connection is null.
Failed to get population details
]]></system-out>
  </testcase>
</testsuite>